<?xml version="1.0" encoding="UTF-8"?>
<robot generator="Robot 5.0.1 (Python 3.10.4 on win32)" generated="20220721 13:12:00.304" rpa="false" schemaversion="3">
<suite id="s1" name="Amazon" source="C:\Users\brunomilitzer\PycharmProjects\amazon\tests\Amazon.robot">
<test id="s1-t1" name="User must sign in to check out" line="9">
<kw name="Open Browser" library="SeleniumLibrary">
<arg>http://www.amazon.co.uk</arg>
<arg>gc</arg>
<doc>Opens a new browser instance to the optional ``url``.</doc>
<msg timestamp="20220721 13:12:00.570" level="INFO">Opening browser 'gc' to base url 'http://www.amazon.co.uk'.</msg>
<status status="PASS" starttime="20220721 13:12:00.570" endtime="20220721 13:12:04.233"/>
</kw>
<kw name="Close Browser" library="SeleniumLibrary">
<doc>Closes the current browser.</doc>
<status status="PASS" starttime="20220721 13:12:04.234" endtime="20220721 13:12:06.675"/>
</kw>
<doc>This is some basic info about the test</doc>
<tag>Smoke</tag>
<status status="PASS" starttime="20220721 13:12:00.569" endtime="20220721 13:12:06.676"/>
</test>
<doc>This is some basic info about the whole suite</doc>
<status status="PASS" starttime="20220721 13:12:00.306" endtime="20220721 13:12:06.677"/>
</suite>
<statistics>
<total>
<stat pass="1" fail="0" skip="0">All Tests</stat>
</total>
<tag>
<stat pass="1" fail="0" skip="0">Smoke</stat>
</tag>
<suite>
<stat pass="1" fail="0" skip="0" id="s1" name="Amazon">Amazon</stat>
</suite>
</statistics>
<errors>
</errors>
</robot>
